2025-06-16 15:24:00,323 | INFO | 🚀 Logger initialized at logs\robo_logger_2025-06-16_15-24-00.log
2025-06-16 15:24:14,348 | INFO | Detected task type: REGRESSION
2025-06-16 15:24:14,350 | INFO | 🔧 Training Models with Hyperparameter Tuning...
2025-06-16 15:24:14,350 | INFO |   Training LinearRegression...
2025-06-16 15:24:14,386 | INFO |   LinearRegression - Primary Metric (R2 Score): -134.7969
2025-06-16 15:24:14,386 | INFO |   Training DecisionTreeRegressor...
2025-06-16 15:24:21,138 | INFO |   DecisionTreeRegressor - Primary Metric (R2 Score): -11.5600
2025-06-16 15:24:21,139 | INFO |   Training RandomForestRegressor...
2025-06-16 15:24:21,936 | INFO |   RandomForestRegressor - Primary Metric (R2 Score): -1.6812
2025-06-16 15:24:21,956 | INFO |   Training KNeighborsRegressor...
2025-06-16 15:24:22,485 | INFO |   KNeighborsRegressor - Primary Metric (R2 Score): -3.2756
2025-06-16 15:24:22,485 | INFO |   Training SVR...
2025-06-16 15:24:22,601 | INFO |   SVR - Primary Metric (R2 Score): -4.8355
2025-06-16 15:24:22,602 | INFO |   Training GradientBoostingRegressor...
2025-06-16 15:24:22,906 | INFO |   GradientBoostingRegressor - Primary Metric (R2 Score): -2.0345
2025-06-16 15:24:22,906 | INFO |   Training XGBoostRegressor...
2025-06-16 15:24:25,181 | INFO |   XGBoostRegressor - Primary Metric (R2 Score): -3.8305
2025-06-16 15:24:25,182 | INFO |   Training LightGBMRegressor...
2025-06-16 15:24:26,344 | INFO |   LightGBMRegressor - Primary Metric (R2 Score): -16.3216
2025-06-16 15:24:26,345 | INFO |   Training CatBoostRegressor...
2025-06-16 15:24:32,519 | INFO |   CatBoostRegressor - Primary Metric (R2 Score): -3.7875
2025-06-16 15:24:32,519 | INFO | 
🤝 Ensemble Models for Regression are not yet implemented.
2025-06-16 15:24:32,519 | INFO | 
✅ All models trained.
