2025-06-16 14:32:18,565 | INFO | 🚀 Logger initialized at logs\robo_logger_2025-06-16_14-32-18.log
2025-06-16 14:32:28,594 | INFO | Detected task type: CLASSIFICATION
2025-06-16 14:32:28,596 | WARNING | Not enough data for stratified K-Fold (min class count: 1). Using default 2 splits.
2025-06-16 14:32:31,157 | INFO | Detected task type: CLASSIFICATION
2025-06-16 14:32:31,158 | WARNING | Not enough data for stratified K-Fold (min class count: 1). Using default 2 splits.
2025-06-16 14:32:41,154 | INFO | Detected task type: CLASSIFICATION
2025-06-16 14:32:52,865 | INFO | Detected task type: CLASSIFICATION
2025-06-16 14:32:52,870 | INFO | 🔧 Training Models with Hyperparameter Tuning...
2025-06-16 14:32:52,870 | INFO |   Training LogisticRegression...
2025-06-16 14:32:56,816 | INFO |   LogisticRegression - Primary Metric (Accuracy): 0.7273
2025-06-16 14:32:56,817 | INFO |   Training DecisionTree...
2025-06-16 14:32:58,885 | INFO |   DecisionTree - Primary Metric (Accuracy): 0.7078
2025-06-16 14:32:58,885 | INFO |   Training RandomForest...
2025-06-16 14:32:59,567 | INFO |   RandomForest - Primary Metric (Accuracy): 0.7273
2025-06-16 14:32:59,568 | INFO |   Training KNN...
2025-06-16 14:32:59,622 | INFO |   KNN - Primary Metric (Accuracy): 0.7208
2025-06-16 14:32:59,622 | INFO |   Training NaiveBayes...
2025-06-16 14:32:59,633 | INFO |   NaiveBayes - Primary Metric (Accuracy): 0.7208
2025-06-16 14:32:59,633 | INFO |   Training SVM...
2025-06-16 14:32:59,771 | INFO |   SVM - Primary Metric (Accuracy): 0.6948
2025-06-16 14:32:59,772 | INFO |   Training GradientBoosting...
2025-06-16 14:33:00,221 | INFO |   GradientBoosting - Primary Metric (Accuracy): 0.7078
2025-06-16 14:33:00,221 | INFO |   Training XGBoost...
2025-06-16 14:33:00,908 | INFO |   XGBoost - Primary Metric (Accuracy): 0.7532
2025-06-16 14:33:00,908 | INFO |   Training LightGBM...
2025-06-16 14:33:01,728 | INFO |   LightGBM - Primary Metric (Accuracy): 0.7662
2025-06-16 14:33:01,728 | INFO |   Training CatBoost...
2025-06-16 14:33:11,512 | INFO |   CatBoost - Primary Metric (Accuracy): 0.7532
2025-06-16 14:33:11,513 | INFO | 
🤝 Building Ensemble Models (Classification)...
2025-06-16 14:33:11,808 | INFO |   VotingEnsemble - Accuracy: 0.7403
2025-06-16 14:33:12,460 | INFO |   StackingEnsemble - Accuracy: 0.7403
2025-06-16 14:33:12,461 | INFO | 
✅ All models trained.
