2025-06-16 14:27:12,912 | INFO | 🚀 Logger initialized at logs\robo_logger_2025-06-16_14-27-12.log
2025-06-16 14:27:22,524 | INFO | Detected task type: REGRESSION
2025-06-16 14:27:22,525 | INFO | 🔧 Training Models with Hyperparameter Tuning...
2025-06-16 14:27:22,526 | INFO |   Training LinearRegression...
2025-06-16 14:27:22,530 | INFO |   LinearRegression - Primary Metric (R2 Score): 0.5387
2025-06-16 14:27:22,530 | INFO |   Training DecisionTreeRegressor...
2025-06-16 14:27:27,574 | INFO |   DecisionTreeRegressor - Primary Metric (R2 Score): 0.2071
2025-06-16 14:27:27,574 | INFO |   Training RandomForestRegressor...
2025-06-16 14:27:28,266 | INFO |   RandomForestRegressor - Primary Metric (R2 Score): 0.5155
2025-06-16 14:27:28,267 | INFO |   Training KNeighborsRegressor...
2025-06-16 14:27:28,317 | INFO |   KNeighborsRegressor - Primary Metric (R2 Score): 0.5215
2025-06-16 14:27:28,317 | INFO |   Training SVR...
2025-06-16 14:27:28,392 | INFO |   SVR - Primary Metric (R2 Score): 0.5144
2025-06-16 14:27:28,392 | INFO |   Training GradientBoostingRegressor...
2025-06-16 14:27:28,739 | INFO |   GradientBoostingRegressor - Primary Metric (R2 Score): 0.4925
2025-06-16 14:27:28,739 | INFO |   Training XGBoostRegressor...
2025-06-16 14:27:29,949 | INFO |   XGBoostRegressor - Primary Metric (R2 Score): 0.3793
2025-06-16 14:27:29,949 | INFO |   Training LightGBMRegressor...
2025-06-16 14:27:31,288 | INFO |   LightGBMRegressor - Primary Metric (R2 Score): 0.5140
2025-06-16 14:27:31,288 | INFO |   Training CatBoostRegressor...
2025-06-16 14:27:38,473 | INFO |   CatBoostRegressor - Primary Metric (R2 Score): 0.5480
2025-06-16 14:27:38,473 | INFO | 
🤝 Ensemble Models for Regression are not yet implemented.
2025-06-16 14:27:38,473 | INFO | 
✅ All models trained.
2025-06-16 14:28:35,072 | INFO | Detected task type: REGRESSION
2025-06-16 14:28:35,073 | INFO | 🔧 Training Models with Hyperparameter Tuning...
2025-06-16 14:28:35,074 | INFO |   Training LinearRegression...
2025-06-16 14:28:35,077 | INFO |   LinearRegression - Primary Metric (R2 Score): -134.7969
2025-06-16 14:28:35,077 | INFO |   Training DecisionTreeRegressor...
2025-06-16 14:28:35,293 | INFO |   DecisionTreeRegressor - Primary Metric (R2 Score): -11.5600
2025-06-16 14:28:35,293 | INFO |   Training RandomForestRegressor...
2025-06-16 14:28:35,678 | INFO |   RandomForestRegressor - Primary Metric (R2 Score): -1.6812
2025-06-16 14:28:35,679 | INFO |   Training KNeighborsRegressor...
2025-06-16 14:28:35,923 | INFO |   KNeighborsRegressor - Primary Metric (R2 Score): -3.2756
2025-06-16 14:28:35,923 | INFO |   Training SVR...
2025-06-16 14:28:35,971 | INFO |   SVR - Primary Metric (R2 Score): -4.8355
2025-06-16 14:28:35,971 | INFO |   Training GradientBoostingRegressor...
2025-06-16 14:28:36,164 | INFO |   GradientBoostingRegressor - Primary Metric (R2 Score): -2.0345
2025-06-16 14:28:36,164 | INFO |   Training XGBoostRegressor...
2025-06-16 14:28:36,413 | INFO |   XGBoostRegressor - Primary Metric (R2 Score): -3.8305
2025-06-16 14:28:36,413 | INFO |   Training LightGBMRegressor...
2025-06-16 14:28:36,965 | INFO |   LightGBMRegressor - Primary Metric (R2 Score): -16.3216
2025-06-16 14:28:36,965 | INFO |   Training CatBoostRegressor...
2025-06-16 14:28:41,101 | INFO |   CatBoostRegressor - Primary Metric (R2 Score): -3.7875
2025-06-16 14:28:41,101 | INFO | 
🤝 Ensemble Models for Regression are not yet implemented.
2025-06-16 14:28:41,102 | INFO | 
✅ All models trained.
